# JRE version: Java(TM) SE Runtime Environment (24.0.1+9) (build 24.0.1+9-30)
# Java VM: Java HotSpot(TM) 64-Bit Server VM (24.0.1+9-30, mixed mode, sharing, tiered, compressed oops, compressed class ptrs, g1 gc, windows-amd64)
GC Precious Log:
 CardTable entry size: 512
 Card Set container configuration: InlinePtr #cards 4 size 8 Array Of Cards #cards 16 size 48 Howl #buckets 8 coarsen threshold 3686 Howl Bitmap #cards 512 size 80 coarsen threshold 460 Card regions per heap region 1 cards per card region 4096
 CPUs: 8 total, 8 available
 Memory: 16167M
 Large Page Support: Disabled
 NUMA Support: Disabled
 Compressed Oops: Enabled (Zero based)
 Heap Region Size: 2M
 Heap Min Capacity: 8M
 Heap Initial Capacity: 254M
 Heap Max Capacity: 4042M
 Pre-touch: Disabled
 Parallel Workers: 8
 Concurrent Workers: 2
 Concurrent Refinement Workers: 8
 Periodic GC: Disabled
Heap:
 garbage-first heap   total reserved 4139008K, committed 71680K, used 53201K [0x0000000703600000, 0x0000000800000000)
  region size 2048K, 14 young (28672K), 2 survivors (4096K)
 Metaspace       used 44697K, committed 45056K, reserved 1114112K
  class space    used 5337K, committed 5504K, reserved 1048576K
GC Heap History (20 events):
Event: 9.338 GC heap before
{Heap before GC invocations=1 (full 0):
 garbage-first heap   total reserved 4139008K, committed 262144K, used 63135K [0x0000000703600000, 0x0000000800000000)
  region size 2048K, 28 young (57344K), 3 survivors (6144K)
 Metaspace       used 21246K, committed 21504K, reserved 1114112K
  class space    used 2563K, committed 2688K, reserved 1048576K
}
Event: 9.343 GC heap after
{Heap after GC invocations=2 (full 0):
 garbage-first heap   total reserved 4139008K, committed 262144K, used 17917K [0x0000000703600000, 0x0000000800000000)
  region size 2048K, 5 young (10240K), 5 survivors (10240K)
 Metaspace       used 21246K, committed 21504K, reserved 1114112K
  class space    used 2563K, committed 2688K, reserved 1048576K
}
Event: 10.186 GC heap before
{Heap before GC invocations=3 (full 0):
 garbage-first heap   total reserved 4139008K, committed 69632K, used 52733K [0x0000000703600000, 0x0000000800000000)
  region size 2048K, 23 young (47104K), 5 survivors (10240K)
 Metaspace       used 35822K, committed 36160K, reserved 1114112K
  class space    used 4160K, committed 4288K, reserved 1048576K
}
Event: 10.192 GC heap after
{Heap after GC invocations=4 (full 0):
 garbage-first heap   total reserved 4139008K, committed 71680K, used 22197K [0x0000000703600000, 0x0000000800000000)
  region size 2048K, 7 young (14336K), 7 survivors (14336K)
 Metaspace       used 35822K, committed 36160K, reserved 1114112K
  class space    used 4160K, committed 4288K, reserved 1048576K
}
Event: 10.208 GC heap before
{Heap before GC invocations=4 (full 0):
 garbage-first heap   total reserved 4139008K, committed 71680K, used 22197K [0x0000000703600000, 0x0000000800000000)
  region size 2048K, 8 young (16384K), 7 survivors (14336K)
 Metaspace       used 36168K, committed 36480K, reserved 1114112K
  class space    used 4251K, committed 4416K, reserved 1048576K
}
Event: 10.215 GC heap after
{Heap after GC invocations=5 (full 0):
 garbage-first heap   total reserved 4139008K, committed 71680K, used 22871K [0x0000000703600000, 0x0000000800000000)
  region size 2048K, 1 young (2048K), 1 survivors (2048K)
 Metaspace       used 36168K, committed 36480K, reserved 1114112K
  class space    used 4251K, committed 4416K, reserved 1048576K
}
Event: 10.231 GC heap before
{Heap before GC invocations=5 (full 0):
 garbage-first heap   total reserved 4139008K, committed 71680K, used 22871K [0x0000000703600000, 0x0000000800000000)
  region size 2048K, 2 young (4096K), 1 survivors (2048K)
 Metaspace       used 36512K, committed 36800K, reserved 1114112K
  class space    used 4340K, committed 4480K, reserved 1048576K
}
Event: 10.231 GC heap after
{Heap after GC invocations=6 (full 0):
 garbage-first heap   total reserved 4139008K, committed 71680K, used 21930K [0x0000000703600000, 0x0000000800000000)
  region size 2048K, 1 young (2048K), 1 survivors (2048K)
 Metaspace       used 36512K, committed 36800K, reserved 1114112K
  class space    used 4340K, committed 4480K, reserved 1048576K
}
Event: 10.817 GC heap before
{Heap before GC invocations=7 (full 0):
 garbage-first heap   total reserved 4139008K, committed 71680K, used 52650K [0x0000000703600000, 0x0000000800000000)
  region size 2048K, 16 young (32768K), 1 survivors (2048K)
 Metaspace       used 39421K, committed 39808K, reserved 1114112K
  class space    used 4773K, committed 4928K, reserved 1048576K
}
Event: 10.820 GC heap after
{Heap after GC invocations=8 (full 0):
 garbage-first heap   total reserved 4139008K, committed 71680K, used 25337K [0x0000000703600000, 0x0000000800000000)
  region size 2048K, 2 young (4096K), 2 survivors (4096K)
 Metaspace       used 39421K, committed 39808K, reserved 1114112K
  class space    used 4773K, committed 4928K, reserved 1048576K
}
Event: 41.076 GC heap before
{Heap before GC invocations=8 (full 0):
 garbage-first heap   total reserved 4139008K, committed 71680K, used 54009K [0x0000000703600000, 0x0000000800000000)
  region size 2048K, 17 young (34816K), 2 survivors (4096K)
 Metaspace       used 41047K, committed 41408K, reserved 1114112K
  class space    used 4964K, committed 5120K, reserved 1048576K
}
Event: 41.080 GC heap after
{Heap after GC invocations=9 (full 0):
 garbage-first heap   total reserved 4139008K, committed 71680K, used 27960K [0x0000000703600000, 0x0000000800000000)
  region size 2048K, 3 young (6144K), 3 survivors (6144K)
 Metaspace       used 41047K, committed 41408K, reserved 1114112K
  class space    used 4964K, committed 5120K, reserved 1048576K
}
Event: 46.163 GC heap before
{Heap before GC invocations=9 (full 0):
 garbage-first heap   total reserved 4139008K, committed 71680K, used 56632K [0x0000000703600000, 0x0000000800000000)
  region size 2048K, 17 young (34816K), 3 survivors (6144K)
 Metaspace       used 41467K, committed 41856K, reserved 1114112K
  class space    used 4972K, committed 5120K, reserved 1048576K
}
Event: 46.167 GC heap after
{Heap after GC invocations=10 (full 0):
 garbage-first heap   total reserved 4139008K, committed 71680K, used 31065K [0x0000000703600000, 0x0000000800000000)
  region size 2048K, 2 young (4096K), 2 survivors (4096K)
 Metaspace       used 41467K, committed 41856K, reserved 1114112K
  class space    used 4972K, committed 5120K, reserved 1048576K
}
Event: 78.811 GC heap before
{Heap before GC invocations=10 (full 0):
 garbage-first heap   total reserved 4139008K, committed 71680K, used 57689K [0x0000000703600000, 0x0000000800000000)
  region size 2048K, 15 young (30720K), 2 survivors (4096K)
 Metaspace       used 41975K, committed 42368K, reserved 1114112K
  class space    used 4998K, committed 5184K, reserved 1048576K
}
Event: 78.815 GC heap after
{Heap after GC invocations=11 (full 0):
 garbage-first heap   total reserved 4139008K, committed 71680K, used 34345K [0x0000000703600000, 0x0000000800000000)
  region size 2048K, 2 young (4096K), 2 survivors (4096K)
 Metaspace       used 41975K, committed 42368K, reserved 1114112K
  class space    used 4998K, committed 5184K, reserved 1048576K
}
Event: 107.120 GC heap before
{Heap before GC invocations=11 (full 0):
 garbage-first heap   total reserved 4139008K, committed 71680K, used 56873K [0x0000000703600000, 0x0000000800000000)
  region size 2048K, 13 young (26624K), 2 survivors (4096K)
 Metaspace       used 42622K, committed 43008K, reserved 1114112K
  class space    used 5097K, committed 5248K, reserved 1048576K
}
Event: 107.123 GC heap after
{Heap after GC invocations=12 (full 0):
 garbage-first heap   total reserved 4139008K, committed 71680K, used 36176K [0x0000000703600000, 0x0000000800000000)
  region size 2048K, 2 young (4096K), 2 survivors (4096K)
 Metaspace       used 42622K, committed 43008K, reserved 1114112K
  class space    used 5097K, committed 5248K, reserved 1048576K
}
Event: 134.942 GC heap before
{Heap before GC invocations=13 (full 0):
 garbage-first heap   total reserved 4139008K, committed 71680K, used 48464K [0x0000000703600000, 0x0000000800000000)
  region size 2048K, 13 young (26624K), 2 survivors (4096K)
 Metaspace       used 43127K, committed 43456K, reserved 1114112K
  class space    used 5159K, committed 5312K, reserved 1048576K
}
Event: 134.945 GC heap after
{Heap after GC invocations=14 (full 0):
 garbage-first heap   total reserved 4139008K, committed 71680K, used 30673K [0x0000000703600000, 0x0000000800000000)
  region size 2048K, 2 young (4096K), 2 survivors (4096K)
 Metaspace       used 43127K, committed 43456K, reserved 1114112K
  class space    used 5159K, committed 5312K, reserved 1048576K
}

